<?xml version="1.0" encoding="UTF-8"?>
<!-- Generated by org.testng.reporters.JUnitReportReporter -->
<testsuite hostname="Khosruz" failures="0" tests="2" name="testPage.HomePageTests" time="11.476" errors="0" timestamp="2024-02-24T15:17:56 EST" skipped="0">
  <testcase classname="testPage.HomePageTests" name="logoTest" time="2.819"/>
  <system-out/>
  <testcase classname="testPage.HomePageTests" name="footerManue" time="8.657"/>
  <system-out/>
</testsuite> <!-- testPage.HomePageTests -->
