<?xml version="1.0" encoding="UTF-8"?>
<!-- Generated by org.testng.reporters.JUnitReportReporter -->
<testsuite hostname="Khosruz" failures="0" tests="6" name="testPage.HomePageTests" time="92.961" errors="0" timestamp="2024-03-11T02:11:44 EDT" skipped="0">
  <testcase classname="testPage.HomePageTests" name="logoTest" time="14.142"/>
  <system-out/>
  <testcase classname="testPage.HomePageTests" name="logoTest" time="9.231"/>
  <system-out/>
  <testcase classname="testPage.HomePageTests" name="titleTest" time="11.241"/>
  <system-out/>
  <testcase classname="testPage.HomePageTests" name="titleTest" time="19.232"/>
  <system-out/>
  <testcase classname="testPage.HomePageTests" name="footerManue" time="13.767"/>
  <system-out/>
  <testcase classname="testPage.HomePageTests" name="footerManue" time="25.348"/>
  <system-out/>
</testsuite> <!-- testPage.HomePageTests -->
