<?xml version="1.0" encoding="UTF-8"?>
<!-- Generated by org.testng.reporters.JUnitReportReporter -->
<testsuite hostname="Khosruz" failures="0" tests="6" name="testPage.HomePageTests" time="121.955" errors="0" timestamp="2024-03-11T17:02:31 EDT" skipped="0">
  <testcase classname="testPage.HomePageTests" name="logoTest" time="8.246"/>
  <system-out/>
  <testcase classname="testPage.HomePageTests" name="logoTest" time="14.197"/>
  <system-out/>
  <testcase classname="testPage.HomePageTests" name="titleTest" time="42.765"/>
  <system-out/>
  <testcase classname="testPage.HomePageTests" name="titleTest" time="23.259"/>
  <system-out/>
  <testcase classname="testPage.HomePageTests" name="footerManue" time="10.438"/>
  <system-out/>
  <testcase classname="testPage.HomePageTests" name="footerManue" time="23.050"/>
  <system-out/>
</testsuite> <!-- testPage.HomePageTests -->
