<?xml version="1.0" encoding="UTF-8"?>
<!-- Generated by org.testng.reporters.JUnitReportReporter -->
<testsuite hostname="Khosruz" failures="0" tests="6" name="testPage.HomePageTests" time="64.350" errors="0" timestamp="2024-02-27T20:44:43 EST" skipped="0">
  <testcase classname="testPage.HomePageTests" name="logoTest" time="10.364"/>
  <system-out/>
  <testcase classname="testPage.HomePageTests" name="logoTest" time="11.401"/>
  <system-out/>
  <testcase classname="testPage.HomePageTests" name="titleTest" time="9.993"/>
  <system-out/>
  <testcase classname="testPage.HomePageTests" name="titleTest" time="12.449"/>
  <system-out/>
  <testcase classname="testPage.HomePageTests" name="footerManue" time="12.661"/>
  <system-out/>
  <testcase classname="testPage.HomePageTests" name="footerManue" time="7.482"/>
  <system-out/>
</testsuite> <!-- testPage.HomePageTests -->
