<?xml version="1.0" encoding="UTF-8"?>
<!-- Generated by org.testng.reporters.JUnitReportReporter -->
<testsuite hostname="Khosruz" failures="0" tests="6" name="testPage.HomePageTests" time="80.841" errors="0" timestamp="2024-02-24T15:23:15 EST" skipped="0">
  <testcase classname="testPage.HomePageTests" name="logoTest" time="9.274"/>
  <system-out/>
  <testcase classname="testPage.HomePageTests" name="logoTest" time="11.957"/>
  <system-out/>
  <testcase classname="testPage.HomePageTests" name="titleTest" time="25.087"/>
  <system-out/>
  <testcase classname="testPage.HomePageTests" name="titleTest" time="11.074"/>
  <system-out/>
  <testcase classname="testPage.HomePageTests" name="footerManue" time="12.632"/>
  <system-out/>
  <testcase classname="testPage.HomePageTests" name="footerManue" time="10.817"/>
  <system-out/>
</testsuite> <!-- testPage.HomePageTests -->
