<?xml version="1.0" encoding="UTF-8"?>
<!-- Generated by org.testng.reporters.JUnitReportReporter -->
<testsuite hostname="Khosruz" failures="0" tests="6" name="testPage.HomePageTests" time="79.468" errors="0" timestamp="2024-02-27T13:19:36 EST" skipped="0">
  <testcase classname="testPage.HomePageTests" name="logoTest" time="10.279"/>
  <system-out/>
  <testcase classname="testPage.HomePageTests" name="logoTest" time="9.170"/>
  <system-out/>
  <testcase classname="testPage.HomePageTests" name="titleTest" time="27.464"/>
  <system-out/>
  <testcase classname="testPage.HomePageTests" name="titleTest" time="15.267"/>
  <system-out/>
  <testcase classname="testPage.HomePageTests" name="footerManue" time="8.876"/>
  <system-out/>
  <testcase classname="testPage.HomePageTests" name="footerManue" time="8.412"/>
  <system-out/>
</testsuite> <!-- testPage.HomePageTests -->
