<?xml version="1.0" encoding="UTF-8"?>
<!-- Generated by org.testng.reporters.JUnitReportReporter -->
<testsuite hostname="Khosruz" failures="0" tests="6" name="testPage.HomePageTests" time="69.872" errors="0" timestamp="2024-03-11T23:45:05 EDT" skipped="0">
  <testcase classname="testPage.HomePageTests" name="logoTest" time="15.305"/>
  <system-out/>
  <testcase classname="testPage.HomePageTests" name="logoTest" time="13.305"/>
  <system-out/>
  <testcase classname="testPage.HomePageTests" name="titleTest" time="8.466"/>
  <system-out/>
  <testcase classname="testPage.HomePageTests" name="titleTest" time="8.041"/>
  <system-out/>
  <testcase classname="testPage.HomePageTests" name="footerManue" time="12.515"/>
  <system-out/>
  <testcase classname="testPage.HomePageTests" name="footerManue" time="12.240"/>
  <system-out/>
</testsuite> <!-- testPage.HomePageTests -->
