<?xml version="1.0" encoding="UTF-8"?>
<!-- Generated by org.testng.reporters.JUnitReportReporter -->
<testsuite hostname="Khosruz" failures="0" tests="6" name="testPage.HomePageTests" time="46.576" errors="0" timestamp="2024-02-27T20:28:37 EST" skipped="0">
  <testcase classname="testPage.HomePageTests" name="logoTest" time="10.504"/>
  <system-out/>
  <testcase classname="testPage.HomePageTests" name="logoTest" time="7.927"/>
  <system-out/>
  <testcase classname="testPage.HomePageTests" name="titleTest" time="8.729"/>
  <system-out/>
  <testcase classname="testPage.HomePageTests" name="titleTest" time="4.776"/>
  <system-out/>
  <testcase classname="testPage.HomePageTests" name="footerManue" time="9.261"/>
  <system-out/>
  <testcase classname="testPage.HomePageTests" name="footerManue" time="5.379"/>
  <system-out/>
</testsuite> <!-- testPage.HomePageTests -->
